producer_class	xtools.gsea.GseaPreranked
producer_timestamp	1743603144299
param	rpt_label	Dog_GSEA_KEGG
param	rnd_seed	timestamp
param	set_min	10
param	zip_report	false
param	create_svgs	false
param	scoring_scheme	weighted
param	rnk	C:\Users\kaysg\Downloads\Dog_DGErankName.rnk
param	norm	meandiv
param	out	E:\
param	mode	Abs_max_of_probes
param	include_only_symbols	true
param	help	false
param	set_max	500
param	gmx	ftp.broadinstitute.org://pub/gsea/msigdb/human/gene_sets/c2.cp.kegg_legacy.v2024.1.Hs.symbols.gmt
param	make_sets	true
param	plot_top_x	20
param	gui	false
param	nperm	1000
param	collapse	No_Collapse

file	E:\Dog_GSEA_KEGG.GseaPreranked.1743603144299\index.html
